This is XeTeX, Version 3.14159265-2.6-0.999992 (TeX Live 2020/W32TeX) (preloaded format=xelatex 2020.9.17)  11 MAR 2022 20:30
entering extended mode
 restricted \write18 enabled.
 %&-line parsing enabled.
**gbT7714-2015eg.tex
(./gbT7714-2015eg.tex
LaTeX2e <2020-02-02> patch level 5
L3 programming layer <2020-03-06>
(d:/texlive/2020/texmf-dist/tex/latex/base/article.cls
Document Class: article 2019/12/20 v1.4l Standard LaTeX document class
(d:/texlive/2020/texmf-dist/tex/latex/base/size10.clo
File: size10.clo 2019/12/20 v1.4l Standard LaTeX file (size option)
)
\c@part=\count163
\c@section=\count164
\c@subsection=\count165
\c@subsubsection=\count166
\c@paragraph=\count167
\c@subparagraph=\count168
\c@figure=\count169
\c@table=\count170
\abovecaptionskip=\skip47
\belowcaptionskip=\skip48
\bibindent=\dimen134
)
(d:/texlive/2020/texmf-dist/tex/latex/hyperref/hyperref.sty
Package: hyperref 2020/01/14 v7.00d Hypertext links for LaTeX

(d:/texlive/2020/texmf-dist/tex/generic/ltxcmds/ltxcmds.sty
Package: ltxcmds 2019/12/15 v1.24 LaTeX kernel commands for general use (HO)
)
(d:/texlive/2020/texmf-dist/tex/generic/iftex/iftex.sty
Package: iftex 2020/03/06 v1.0d TeX engine tests
)
(d:/texlive/2020/texmf-dist/tex/latex/pdftexcmds/pdftexcmds.sty
Package: pdftexcmds 2019/11/24 v0.31 Utility functions of pdfTeX for LuaTeX (HO
)

(d:/texlive/2020/texmf-dist/tex/generic/infwarerr/infwarerr.sty
Package: infwarerr 2019/12/03 v1.5 Providing info/warning/error messages (HO)
)
Package pdftexcmds Info: \pdf@primitive is available.
Package pdftexcmds Info: \pdf@ifprimitive is available.
Package pdftexcmds Info: \pdfdraftmode not found.
)
(d:/texlive/2020/texmf-dist/tex/latex/graphics/keyval.sty
Package: keyval 2014/10/28 v1.15 key=value parser (DPC)
\KV@toks@=\toks15
)
(d:/texlive/2020/texmf-dist/tex/generic/kvsetkeys/kvsetkeys.sty
Package: kvsetkeys 2019/12/15 v1.18 Key value parser (HO)
)
(d:/texlive/2020/texmf-dist/tex/generic/kvdefinekeys/kvdefinekeys.sty
Package: kvdefinekeys 2019-12-19 v1.6 Define keys (HO)
)
(d:/texlive/2020/texmf-dist/tex/generic/pdfescape/pdfescape.sty
Package: pdfescape 2019/12/09 v1.15 Implements pdfTeX's escape features (HO)
)
(d:/texlive/2020/texmf-dist/tex/latex/hycolor/hycolor.sty
Package: hycolor 2020-01-27 v1.10 Color options for hyperref/bookmark (HO)
)
(d:/texlive/2020/texmf-dist/tex/latex/letltxmacro/letltxmacro.sty
Package: letltxmacro 2019/12/03 v1.6 Let assignment for LaTeX macros (HO)
)
(d:/texlive/2020/texmf-dist/tex/latex/auxhook/auxhook.sty
Package: auxhook 2019-12-17 v1.6 Hooks for auxiliary files (HO)
)
(d:/texlive/2020/texmf-dist/tex/latex/kvoptions/kvoptions.sty
Package: kvoptions 2019/11/29 v3.13 Key value format for package options (HO)
)
\@linkdim=\dimen135
\Hy@linkcounter=\count171
\Hy@pagecounter=\count172

(d:/texlive/2020/texmf-dist/tex/latex/hyperref/pd1enc.def
File: pd1enc.def 2020/01/14 v7.00d Hyperref: PDFDocEncoding definition (HO)
)
(d:/texlive/2020/texmf-dist/tex/generic/intcalc/intcalc.sty
Package: intcalc 2019/12/15 v1.3 Expandable calculations with integers (HO)
)
(d:/texlive/2020/texmf-dist/tex/generic/etexcmds/etexcmds.sty
Package: etexcmds 2019/12/15 v1.7 Avoid name clashes with e-TeX commands (HO)
)
\Hy@SavedSpaceFactor=\count173
Package hyperref Info: Option `colorlinks' set `true' on input line 4421.
Package hyperref Info: Hyper figures OFF on input line 4547.
Package hyperref Info: Link nesting OFF on input line 4552.
Package hyperref Info: Hyper index ON on input line 4555.
Package hyperref Info: Plain pages OFF on input line 4562.
Package hyperref Info: Backreferencing OFF on input line 4567.
Package hyperref Info: Implicit mode ON; LaTeX internals redefined.
Package hyperref Info: Bookmarks ON on input line 4800.
\c@Hy@tempcnt=\count174

(d:/texlive/2020/texmf-dist/tex/latex/url/url.sty
\Urlmuskip=\muskip16
Package: url 2013/09/16  ver 3.4  Verb mode for urls, etc.
)
LaTeX Info: Redefining \url on input line 5159.
\XeTeXLinkMargin=\dimen136

(d:/texlive/2020/texmf-dist/tex/generic/bitset/bitset.sty
Package: bitset 2019/12/09 v1.3 Handle bit-vector datatype (HO)

(d:/texlive/2020/texmf-dist/tex/generic/bigintcalc/bigintcalc.sty
Package: bigintcalc 2019/12/15 v1.5 Expandable calculations on big integers (HO
)
))
\Fld@menulength=\count175
\Field@Width=\dimen137
\Fld@charsize=\dimen138
Package hyperref Info: Hyper figures OFF on input line 6430.
Package hyperref Info: Link nesting OFF on input line 6435.
Package hyperref Info: Hyper index ON on input line 6438.
Package hyperref Info: backreferencing OFF on input line 6445.
Package hyperref Info: Link coloring ON on input line 6448.
Package hyperref Info: Link coloring with OCG OFF on input line 6455.
Package hyperref Info: PDF/A mode OFF on input line 6460.
LaTeX Info: Redefining \ref on input line 6500.
LaTeX Info: Redefining \pageref on input line 6504.

(d:/texlive/2020/texmf-dist/tex/generic/atbegshi/atbegshi.sty
Package: atbegshi 2019/12/05 v1.19 At begin shipout hook (HO)
)
\Hy@abspage=\count176
\c@Item=\count177
\c@Hfootnote=\count178
)
Package hyperref Info: Driver (autodetected): hxetex.

(d:/texlive/2020/texmf-dist/tex/latex/hyperref/hxetex.def
File: hxetex.def 2020/01/14 v7.00d Hyperref driver for XeTeX

(d:/texlive/2020/texmf-dist/tex/latex/hyperref/puenc.def
File: puenc.def 2020/01/14 v7.00d Hyperref: PDF Unicode definition (HO)
)
(d:/texlive/2020/texmf-dist/tex/generic/stringenc/stringenc.sty
Package: stringenc 2019/11/29 v1.12 Convert strings between diff. encodings (HO
)
)
\pdfm@box=\box45
\c@Hy@AnnotLevel=\count179
\HyField@AnnotCount=\count180
\Fld@listcount=\count181
\c@bookmark@seq@number=\count182

(d:/texlive/2020/texmf-dist/tex/latex/rerunfilecheck/rerunfilecheck.sty
Package: rerunfilecheck 2019/12/05 v1.9 Rerun checks for auxiliary files (HO)

(d:/texlive/2020/texmf-dist/tex/latex/atveryend/atveryend.sty
Package: atveryend 2019-12-11 v1.11 Hooks at the very end of document (HO)
Package atveryend Info: \enddocument detected (standard20110627).
)
(d:/texlive/2020/texmf-dist/tex/generic/uniquecounter/uniquecounter.sty
Package: uniquecounter 2019/12/15 v1.4 Provide unlimited unique counter (HO)
)
Package uniquecounter Info: New unique counter `rerunfilecheck' on input line 2
86.
)
\Hy@SectionHShift=\skip49
)
(d:/texlive/2020/texmf-dist/tex/latex/pdfpages/pdfpages.sty
Package: pdfpages 2020/01/28 v0.5q Insert pages of external PDF documents (AM)

(d:/texlive/2020/texmf-dist/tex/latex/base/ifthen.sty
Package: ifthen 2014/09/29 v1.1c Standard LaTeX ifthen package (DPC)
)
(d:/texlive/2020/texmf-dist/tex/latex/tools/calc.sty
Package: calc 2017/05/25 v4.3 Infix arithmetic (KKT,FJ)
\calc@Acount=\count183
\calc@Bcount=\count184
\calc@Adimen=\dimen139
\calc@Bdimen=\dimen140
\calc@Askip=\skip50
\calc@Bskip=\skip51
LaTeX Info: Redefining \setlength on input line 80.
LaTeX Info: Redefining \addtolength on input line 81.
\calc@Ccount=\count185
\calc@Cskip=\skip52
)
(d:/texlive/2020/texmf-dist/tex/latex/eso-pic/eso-pic.sty
Package: eso-pic 2018/04/12 v2.0h eso-pic (RN)

(d:/texlive/2020/texmf-dist/tex/latex/xcolor/xcolor.sty
Package: xcolor 2016/05/11 v2.12 LaTeX color extensions (UK)

(d:/texlive/2020/texmf-dist/tex/latex/graphics-cfg/color.cfg
File: color.cfg 2016/01/02 v1.6 sample color configuration
)
Package xcolor Info: Driver file: xetex.def on input line 225.

(d:/texlive/2020/texmf-dist/tex/latex/graphics-def/xetex.def
File: xetex.def 2017/06/24 v5.0h Graphics/color driver for xetex
)
Package xcolor Info: Model `cmy' substituted by `cmy0' on input line 1348.
Package xcolor Info: Model `RGB' extended on input line 1364.
Package xcolor Info: Model `HTML' substituted by `rgb' on input line 1366.
Package xcolor Info: Model `Hsb' substituted by `hsb' on input line 1367.
Package xcolor Info: Model `tHsb' substituted by `hsb' on input line 1368.
Package xcolor Info: Model `HSB' substituted by `hsb' on input line 1369.
Package xcolor Info: Model `Gray' substituted by `gray' on input line 1370.
Package xcolor Info: Model `wave' substituted by `hsb' on input line 1371.
))
(d:/texlive/2020/texmf-dist/tex/latex/graphics/graphicx.sty
Package: graphicx 2019/11/30 v1.2a Enhanced LaTeX Graphics (DPC,SPQR)

(d:/texlive/2020/texmf-dist/tex/latex/graphics/graphics.sty
Package: graphics 2019/11/30 v1.4a Standard LaTeX Graphics (DPC,SPQR)

(d:/texlive/2020/texmf-dist/tex/latex/graphics/trig.sty
Package: trig 2016/01/03 v1.10 sin cos tan (DPC)
)
(d:/texlive/2020/texmf-dist/tex/latex/graphics-cfg/graphics.cfg
File: graphics.cfg 2016/06/04 v1.11 sample graphics configuration
)
Package graphics Info: Driver file: xetex.def on input line 105.
)
\Gin@req@height=\dimen141
\Gin@req@width=\dimen142
)
\AM@pagewidth=\dimen143
\AM@pageheight=\dimen144

(d:/texlive/2020/texmf-dist/tex/latex/pdfpages/ppxetex.def
File: ppxetex.def 2020/01/28 v0.5q Pdfpages driver for XeTeX (AM)
)
\AM@pagebox=\box46
\AM@global@opts=\toks16
\AM@pagecnt=\count186
\AM@toc@title=\toks17
\c@AM@survey=\count187
\AM@templatesizebox=\box47
)
(d:/texlive/2020/texmf-dist/tex/latex/etoolbox/etoolbox.sty
Package: etoolbox 2019/09/21 v2.5h e-TeX tools for LaTeX (JAW)
\etb@tempcnta=\count188
)
(d:/texlive/2020/texmf-dist/tex/latex/l3backend/l3backend-xdvipdfmx.def
File: l3backend-xdvipdfmx.def 2020-03-12 L3 backend support: xdvipdfmx
\g__graphics_track_int=\count189
\l__pdf_internal_box=\box48
\g__pdf_backend_object_int=\count190
\g__pdf_backend_annotation_int=\count191
)
No file gbT7714-2015eg.aux.
\openout1 = `gbT7714-2015eg.aux'.

LaTeX Font Info:    Checking defaults for OML/cmm/m/it on input line 18.
LaTeX Font Info:    ... okay on input line 18.
LaTeX Font Info:    Checking defaults for OMS/cmsy/m/n on input line 18.
LaTeX Font Info:    ... okay on input line 18.
LaTeX Font Info:    Checking defaults for OT1/cmr/m/n on input line 18.
LaTeX Font Info:    ... okay on input line 18.
LaTeX Font Info:    Checking defaults for T1/cmr/m/n on input line 18.
LaTeX Font Info:    ... okay on input line 18.
LaTeX Font Info:    Checking defaults for TS1/cmr/m/n on input line 18.
LaTeX Font Info:    Trying to load font information for TS1+cmr on input line 1
8.
(d:/texlive/2020/texmf-dist/tex/latex/base/ts1cmr.fd
File: ts1cmr.fd 2019/12/16 v2.5j Standard LaTeX font definitions
)
LaTeX Font Info:    ... okay on input line 18.
LaTeX Font Info:    Checking defaults for TU/lmr/m/n on input line 18.
LaTeX Font Info:    ... okay on input line 18.
LaTeX Font Info:    Checking defaults for OMX/cmex/m/n on input line 18.
LaTeX Font Info:    ... okay on input line 18.
LaTeX Font Info:    Checking defaults for U/cmr/m/n on input line 18.
LaTeX Font Info:    ... okay on input line 18.
LaTeX Font Info:    Checking defaults for PD1/pdf/m/n on input line 18.
LaTeX Font Info:    ... okay on input line 18.
LaTeX Font Info:    Checking defaults for PU/pdf/m/n on input line 18.
LaTeX Font Info:    ... okay on input line 18.
\AtBeginShipoutBox=\box49
Package hyperref Info: Link coloring ON on input line 18.

(d:/texlive/2020/texmf-dist/tex/latex/hyperref/nameref.sty
Package: nameref 2019/09/16 v2.46 Cross-referencing by name of section

(d:/texlive/2020/texmf-dist/tex/latex/refcount/refcount.sty
Package: refcount 2019/12/15 v3.6 Data extraction from label references (HO)
)
(d:/texlive/2020/texmf-dist/tex/generic/gettitlestring/gettitlestring.sty
Package: gettitlestring 2019/12/15 v1.6 Cleanup title references (HO)
)
\c@section@level=\count192
)
LaTeX Info: Redefining \ref on input line 18.
LaTeX Info: Redefining \pageref on input line 18.
LaTeX Info: Redefining \nameref on input line 18.
\@outlinefile=\write3
\openout3 = `gbT7714-2015eg.out'.



Package hyperref Warning: Rerun to get /PageLabels entry.

(d:/texlive/2020/texmf-dist/tex/latex/pdflscape/pdflscape.sty
Package: pdflscape 2019/12/05 v0.12 Display of landscape pages in PDF (HO)

(d:/texlive/2020/texmf-dist/tex/latex/graphics/lscape.sty
Package: lscape 2000/10/22 v3.01 Landscape Pages (DPC)
)
Package pdflscape Info: Auto-detected driver: dvipdfm (xetex) on input line 98.

)
File: ../example/cls-beamer.pdf Graphic file (type pdf)
<use ../example/cls-beamer.pdf>
File: ../example/cls-beamer.pdf Graphic file (type pdf)
<use ../example/cls-beamer.pdf>
File: ../example/cls-beamer.pdf Graphic file (type pdf)
<use ../example/cls-beamer.pdf, page 1>
File: ../example/cls-beamer.pdf Graphic file (type pdf)
<use ../example/cls-beamer.pdf, page 1>
File: ../example/cls-beamer.pdf Graphic file (type pdf)
<use ../example/cls-beamer.pdf, page 1>
File: ../example/cls-beamer.pdf Graphic file (type pdf)
<use ../example/cls-beamer.pdf, page 1>

(d:/texlive/2020/texmf-dist/tex/generic/stringenc/se-ascii-print.def
File: se-ascii-print.def 2019/11/29 v1.12 stringenc: Printable ASCII characters

)
File: ../example/cls-beamer.pdf Graphic file (type pdf)
<use ../example/cls-beamer.pdf, page 1>
 [1

]
File: ../example/cls-beamer.pdf Graphic file (type pdf)
<use ../example/cls-beamer.pdf, page 2>
File: ../example/cls-beamer.pdf Graphic file (type pdf)
<use ../example/cls-beamer.pdf, page 2>
File: ../example/cls-beamer.pdf Graphic file (type pdf)
<use ../example/cls-beamer.pdf, page 2>

[2]
File: ../example/cls-beamer.pdf Graphic file (type pdf)
<use ../example/cls-beamer.pdf, page 3>
File: ../example/cls-beamer.pdf Graphic file (type pdf)
<use ../example/cls-beamer.pdf, page 3>
File: ../example/cls-beamer.pdf Graphic file (type pdf)
<use ../example/cls-beamer.pdf, page 3>
 [3]
File: ../example/cls-beamer.pdf Graphic file (type pdf)
<use ../example/cls-beamer.pdf, page 4>
File: ../example/cls-beamer.pdf Graphic file (type pdf)
<use ../example/cls-beamer.pdf, page 4>
File: ../example/cls-beamer.pdf Graphic file (type pdf)
<use ../example/cls-beamer.pdf, page 4>
 [4]
File: ../example/cls-beamer.pdf Graphic file (type pdf)
<use ../example/cls-beamer.pdf, page 5>
File: ../example/cls-beamer.pdf Graphic file (type pdf)
<use ../example/cls-beamer.pdf, page 5>
File: ../example/cls-beamer.pdf Graphic file (type pdf)
<use ../example/cls-beamer.pdf, page 5>
 [5]
File: ../example/cls-beameray.pdf Graphic file (type pdf)
<use ../example/cls-beameray.pdf>
File: ../example/cls-beameray.pdf Graphic file (type pdf)
<use ../example/cls-beameray.pdf>
File: ../example/cls-beameray.pdf Graphic file (type pdf)
<use ../example/cls-beameray.pdf, page 1>
File: ../example/cls-beameray.pdf Graphic file (type pdf)
<use ../example/cls-beameray.pdf, page 1>
File: ../example/cls-beameray.pdf Graphic file (type pdf)
<use ../example/cls-beameray.pdf, page 1>
File: ../example/cls-beameray.pdf Graphic file (type pdf)
<use ../example/cls-beameray.pdf, page 1>
File: ../example/cls-beameray.pdf Graphic file (type pdf)
<use ../example/cls-beameray.pdf, page 1>
 [6]
File: ../example/cls-beameray.pdf Graphic file (type pdf)
<use ../example/cls-beameray.pdf, page 2>
File: ../example/cls-beameray.pdf Graphic file (type pdf)
<use ../example/cls-beameray.pdf, page 2>
File: ../example/cls-beameray.pdf Graphic file (type pdf)
<use ../example/cls-beameray.pdf, page 2>
 [7]
File: ../example/eg-opt-gbstyle.pdf Graphic file (type pdf)
<use ../example/eg-opt-gbstyle.pdf>
File: ../example/eg-opt-gbstyle.pdf Graphic file (type pdf)
<use ../example/eg-opt-gbstyle.pdf>
File: ../example/eg-opt-gbstyle.pdf Graphic file (type pdf)
<use ../example/eg-opt-gbstyle.pdf, page 1>
File: ../example/eg-opt-gbstyle.pdf Graphic file (type pdf)
<use ../example/eg-opt-gbstyle.pdf, page 1>
File: ../example/eg-opt-gbstyle.pdf Graphic file (type pdf)
<use ../example/eg-opt-gbstyle.pdf, page 1>
File: ../example/eg-opt-gbstyle.pdf Graphic file (type pdf)
<use ../example/eg-opt-gbstyle.pdf, page 1>
File: ../example/eg-opt-gbstyle.pdf Graphic file (type pdf)
<use ../example/eg-opt-gbstyle.pdf, page 1>
 [8]
File: ../example/eg-opt-gbstyle.pdf Graphic file (type pdf)
<use ../example/eg-opt-gbstyle.pdf, page 2>
File: ../example/eg-opt-gbstyle.pdf Graphic file (type pdf)
<use ../example/eg-opt-gbstyle.pdf, page 2>
File: ../example/eg-opt-gbstyle.pdf Graphic file (type pdf)
<use ../example/eg-opt-gbstyle.pdf, page 2>
 [9]
File: ../example/eg-opt-gbstyle.pdf Graphic file (type pdf)
<use ../example/eg-opt-gbstyle.pdf, page 3>
File: ../example/eg-opt-gbstyle.pdf Graphic file (type pdf)
<use ../example/eg-opt-gbstyle.pdf, page 3>
File: ../example/eg-opt-gbstyle.pdf Graphic file (type pdf)
<use ../example/eg-opt-gbstyle.pdf, page 3>
 [10]
File: ../example/opt-gbalign-center.pdf Graphic file (type pdf)
<use ../example/opt-gbalign-center.pdf>
File: ../example/opt-gbalign-center.pdf Graphic file (type pdf)
<use ../example/opt-gbalign-center.pdf>
File: ../example/opt-gbalign-center.pdf Graphic file (type pdf)
<use ../example/opt-gbalign-center.pdf, page 1>
File: ../example/opt-gbalign-center.pdf Graphic file (type pdf)
<use ../example/opt-gbalign-center.pdf, page 1>
File: ../example/opt-gbalign-center.pdf Graphic file (type pdf)
<use ../example/opt-gbalign-center.pdf, page 1>
File: ../example/opt-gbalign-center.pdf Graphic file (type pdf)
<use ../example/opt-gbalign-center.pdf, page 1>
File: ../example/opt-gbalign-center.pdf Graphic file (type pdf)
<use ../example/opt-gbalign-center.pdf, page 1>
 [11]
File: ../example/opt-gbalign-gb.pdf Graphic file (type pdf)
<use ../example/opt-gbalign-gb.pdf>
File: ../example/opt-gbalign-gb.pdf Graphic file (type pdf)
<use ../example/opt-gbalign-gb.pdf>
File: ../example/opt-gbalign-gb.pdf Graphic file (type pdf)
<use ../example/opt-gbalign-gb.pdf, page 1>
File: ../example/opt-gbalign-gb.pdf Graphic file (type pdf)
<use ../example/opt-gbalign-gb.pdf, page 1>
File: ../example/opt-gbalign-gb.pdf Graphic file (type pdf)
<use ../example/opt-gbalign-gb.pdf, page 1>
File: ../example/opt-gbalign-gb.pdf Graphic file (type pdf)
<use ../example/opt-gbalign-gb.pdf, page 1>
File: ../example/opt-gbalign-gb.pdf Graphic file (type pdf)
<use ../example/opt-gbalign-gb.pdf, page 1>
 [12]
File: ../example/opt-gbalign-left.pdf Graphic file (type pdf)
<use ../example/opt-gbalign-left.pdf>
File: ../example/opt-gbalign-left.pdf Graphic file (type pdf)
<use ../example/opt-gbalign-left.pdf>
File: ../example/opt-gbalign-left.pdf Graphic file (type pdf)
<use ../example/opt-gbalign-left.pdf, page 1>
File: ../example/opt-gbalign-left.pdf Graphic file (type pdf)
<use ../example/opt-gbalign-left.pdf, page 1>
File: ../example/opt-gbalign-left.pdf Graphic file (type pdf)
<use ../example/opt-gbalign-left.pdf, page 1>
File: ../example/opt-gbalign-left.pdf Graphic file (type pdf)
<use ../example/opt-gbalign-left.pdf, page 1>
File: ../example/opt-gbalign-left.pdf Graphic file (type pdf)
<use ../example/opt-gbalign-left.pdf, page 1>
 [13]
File: ../example/opt-gbbiblabel.pdf Graphic file (type pdf)
<use ../example/opt-gbbiblabel.pdf>
File: ../example/opt-gbbiblabel.pdf Graphic file (type pdf)
<use ../example/opt-gbbiblabel.pdf>
File: ../example/opt-gbbiblabel.pdf Graphic file (type pdf)
<use ../example/opt-gbbiblabel.pdf, page 1>
File: ../example/opt-gbbiblabel.pdf Graphic file (type pdf)
<use ../example/opt-gbbiblabel.pdf, page 1>
File: ../example/opt-gbbiblabel.pdf Graphic file (type pdf)
<use ../example/opt-gbbiblabel.pdf, page 1>
File: ../example/opt-gbbiblabel.pdf Graphic file (type pdf)
<use ../example/opt-gbbiblabel.pdf, page 1>
File: ../example/opt-gbbiblabel.pdf Graphic file (type pdf)
<use ../example/opt-gbbiblabel.pdf, page 1>
 [14]
File: ../example/opt-gbfieldstd.pdf Graphic file (type pdf)
<use ../example/opt-gbfieldstd.pdf>
File: ../example/opt-gbfieldstd.pdf Graphic file (type pdf)
<use ../example/opt-gbfieldstd.pdf>
File: ../example/opt-gbfieldstd.pdf Graphic file (type pdf)
<use ../example/opt-gbfieldstd.pdf, page 1>
File: ../example/opt-gbfieldstd.pdf Graphic file (type pdf)
<use ../example/opt-gbfieldstd.pdf, page 1>
File: ../example/opt-gbfieldstd.pdf Graphic file (type pdf)
<use ../example/opt-gbfieldstd.pdf, page 1>
File: ../example/opt-gbfieldstd.pdf Graphic file (type pdf)
<use ../example/opt-gbfieldstd.pdf, page 1>
File: ../example/opt-gbfieldstd.pdf Graphic file (type pdf)
<use ../example/opt-gbfieldstd.pdf, page 1>
 [15]
File: ../example/opt-gbnamefmt.pdf Graphic file (type pdf)
<use ../example/opt-gbnamefmt.pdf>
File: ../example/opt-gbnamefmt.pdf Graphic file (type pdf)
<use ../example/opt-gbnamefmt.pdf>
File: ../example/opt-gbnamefmt.pdf Graphic file (type pdf)
<use ../example/opt-gbnamefmt.pdf, page 1>
File: ../example/opt-gbnamefmt.pdf Graphic file (type pdf)
<use ../example/opt-gbnamefmt.pdf, page 1>
File: ../example/opt-gbnamefmt.pdf Graphic file (type pdf)
<use ../example/opt-gbnamefmt.pdf, page 1>
File: ../example/opt-gbnamefmt.pdf Graphic file (type pdf)
<use ../example/opt-gbnamefmt.pdf, page 1>
File: ../example/opt-gbnamefmt.pdf Graphic file (type pdf)
<use ../example/opt-gbnamefmt.pdf, page 1>
 [16]
File: ../example/opt-gbnamefmt.pdf Graphic file (type pdf)
<use ../example/opt-gbnamefmt.pdf, page 2>
File: ../example/opt-gbnamefmt.pdf Graphic file (type pdf)
<use ../example/opt-gbnamefmt.pdf, page 2>
File: ../example/opt-gbnamefmt.pdf Graphic file (type pdf)
<use ../example/opt-gbnamefmt.pdf, page 2>
 [17]
File: ../example/opt-gbnamefmt-default.pdf Graphic file (type pdf)
<use ../example/opt-gbnamefmt-default.pdf>
File: ../example/opt-gbnamefmt-default.pdf Graphic file (type pdf)
<use ../example/opt-gbnamefmt-default.pdf>
File: ../example/opt-gbnamefmt-default.pdf Graphic file (type pdf)
<use ../example/opt-gbnamefmt-default.pdf, page 1>
File: ../example/opt-gbnamefmt-default.pdf Graphic file (type pdf)
<use ../example/opt-gbnamefmt-default.pdf, page 1>
File: ../example/opt-gbnamefmt-default.pdf Graphic file (type pdf)
<use ../example/opt-gbnamefmt-default.pdf, page 1>
File: ../example/opt-gbnamefmt-default.pdf Graphic file (type pdf)
<use ../example/opt-gbnamefmt-default.pdf, page 1>
File: ../example/opt-gbnamefmt-default.pdf Graphic file (type pdf)
<use ../example/opt-gbnamefmt-default.pdf, page 1>

[18]
File: ../example/opt-gbpub-true.pdf Graphic file (type pdf)
<use ../example/opt-gbpub-true.pdf>
File: ../example/opt-gbpub-true.pdf Graphic file (type pdf)
<use ../example/opt-gbpub-true.pdf>
File: ../example/opt-gbpub-true.pdf Graphic file (type pdf)
<use ../example/opt-gbpub-true.pdf, page 1>
File: ../example/opt-gbpub-true.pdf Graphic file (type pdf)
<use ../example/opt-gbpub-true.pdf, page 1>
File: ../example/opt-gbpub-true.pdf Graphic file (type pdf)
<use ../example/opt-gbpub-true.pdf, page 1>
File: ../example/opt-gbpub-true.pdf Graphic file (type pdf)
<use ../example/opt-gbpub-true.pdf, page 1>
File: ../example/opt-gbpub-true.pdf Graphic file (type pdf)
<use ../example/opt-gbpub-true.pdf, page 1>
 [19]
File: ../example/opt-gbpunctin.pdf Graphic file (type pdf)
<use ../example/opt-gbpunctin.pdf>
File: ../example/opt-gbpunctin.pdf Graphic file (type pdf)
<use ../example/opt-gbpunctin.pdf>
File: ../example/opt-gbpunctin.pdf Graphic file (type pdf)
<use ../example/opt-gbpunctin.pdf, page 1>
File: ../example/opt-gbpunctin.pdf Graphic file (type pdf)
<use ../example/opt-gbpunctin.pdf, page 1>
File: ../example/opt-gbpunctin.pdf Graphic file (type pdf)
<use ../example/opt-gbpunctin.pdf, page 1>
File: ../example/opt-gbpunctin.pdf Graphic file (type pdf)
<use ../example/opt-gbpunctin.pdf, page 1>
File: ../example/opt-gbpunctin.pdf Graphic file (type pdf)
<use ../example/opt-gbpunctin.pdf, page 1>
 [20]
File: ../example/opt-gbtitlelink.pdf Graphic file (type pdf)
<use ../example/opt-gbtitlelink.pdf>
File: ../example/opt-gbtitlelink.pdf Graphic file (type pdf)
<use ../example/opt-gbtitlelink.pdf>
File: ../example/opt-gbtitlelink.pdf Graphic file (type pdf)
<use ../example/opt-gbtitlelink.pdf, page 1>
File: ../example/opt-gbtitlelink.pdf Graphic file (type pdf)
<use ../example/opt-gbtitlelink.pdf, page 1>
File: ../example/opt-gbtitlelink.pdf Graphic file (type pdf)
<use ../example/opt-gbtitlelink.pdf, page 1>
File: ../example/opt-gbtitlelink.pdf Graphic file (type pdf)
<use ../example/opt-gbtitlelink.pdf, page 1>
File: ../example/opt-gbtitlelink.pdf Graphic file (type pdf)
<use ../example/opt-gbtitlelink.pdf, page 1>
 [21]
File: ../example/opt-gbfootbib.pdf Graphic file (type pdf)
<use ../example/opt-gbfootbib.pdf>
File: ../example/opt-gbfootbib.pdf Graphic file (type pdf)
<use ../example/opt-gbfootbib.pdf>
File: ../example/opt-gbfootbib.pdf Graphic file (type pdf)
<use ../example/opt-gbfootbib.pdf, page 1>
File: ../example/opt-gbfootbib.pdf Graphic file (type pdf)
<use ../example/opt-gbfootbib.pdf, page 1>
File: ../example/opt-gbfootbib.pdf Graphic file (type pdf)
<use ../example/opt-gbfootbib.pdf, page 1>
File: ../example/opt-gbfootbib.pdf Graphic file (type pdf)
<use ../example/opt-gbfootbib.pdf, page 1>
File: ../example/opt-gbfootbib.pdf Graphic file (type pdf)
<use ../example/opt-gbfootbib.pdf, page 1>
 [22]
File: ../example/opt-gbfootbib.pdf Graphic file (type pdf)
<use ../example/opt-gbfootbib.pdf, page 2>
File: ../example/opt-gbfootbib.pdf Graphic file (type pdf)
<use ../example/opt-gbfootbib.pdf, page 2>
File: ../example/opt-gbfootbib.pdf Graphic file (type pdf)
<use ../example/opt-gbfootbib.pdf, page 2>
 [23]
File: ../example/opt-gbfootbib.pdf Graphic file (type pdf)
<use ../example/opt-gbfootbib.pdf, page 3>
File: ../example/opt-gbfootbib.pdf Graphic file (type pdf)
<use ../example/opt-gbfootbib.pdf, page 3>
File: ../example/opt-gbfootbib.pdf Graphic file (type pdf)
<use ../example/opt-gbfootbib.pdf, page 3>
 [24]
File: ../example/opt-gbtype.pdf Graphic file (type pdf)
<use ../example/opt-gbtype.pdf>
File: ../example/opt-gbtype.pdf Graphic file (type pdf)
<use ../example/opt-gbtype.pdf>
File: ../example/opt-gbtype.pdf Graphic file (type pdf)
<use ../example/opt-gbtype.pdf, page 1>
File: ../example/opt-gbtype.pdf Graphic file (type pdf)
<use ../example/opt-gbtype.pdf, page 1>
File: ../example/opt-gbtype.pdf Graphic file (type pdf)
<use ../example/opt-gbtype.pdf, page 1>
File: ../example/opt-gbtype.pdf Graphic file (type pdf)
<use ../example/opt-gbtype.pdf, page 1>
File: ../example/opt-gbtype.pdf Graphic file (type pdf)
<use ../example/opt-gbtype.pdf, page 1>
 [25]
File: ../example/opt-gbctexset.pdf Graphic file (type pdf)
<use ../example/opt-gbctexset.pdf>
File: ../example/opt-gbctexset.pdf Graphic file (type pdf)
<use ../example/opt-gbctexset.pdf>
File: ../example/opt-gbctexset.pdf Graphic file (type pdf)
<use ../example/opt-gbctexset.pdf, page 1>
File: ../example/opt-gbctexset.pdf Graphic file (type pdf)
<use ../example/opt-gbctexset.pdf, page 1>
File: ../example/opt-gbctexset.pdf Graphic file (type pdf)
<use ../example/opt-gbctexset.pdf, page 1>
File: ../example/opt-gbctexset.pdf Graphic file (type pdf)
<use ../example/opt-gbctexset.pdf, page 1>
File: ../example/opt-gbctexset.pdf Graphic file (type pdf)
<use ../example/opt-gbctexset.pdf, page 1>
 [26]
File: ../example/opt-gbnoauthor-false.pdf Graphic file (type pdf)
<use ../example/opt-gbnoauthor-false.pdf>
File: ../example/opt-gbnoauthor-false.pdf Graphic file (type pdf)
<use ../example/opt-gbnoauthor-false.pdf>
File: ../example/opt-gbnoauthor-false.pdf Graphic file (type pdf)
<use ../example/opt-gbnoauthor-false.pdf, page 1>
File: ../example/opt-gbnoauthor-false.pdf Graphic file (type pdf)
<use ../example/opt-gbnoauthor-false.pdf, page 1>
File: ../example/opt-gbnoauthor-false.pdf Graphic file (type pdf)
<use ../example/opt-gbnoauthor-false.pdf, page 1>
File: ../example/opt-gbnoauthor-false.pdf Graphic file (type pdf)
<use ../example/opt-gbnoauthor-false.pdf, page 1>
File: ../example/opt-gbnoauthor-false.pdf Graphic file (type pdf)
<use ../example/opt-gbnoauthor-false.pdf, page 1>
 [27]
File: ../example/opt-gbnoauthor-true.pdf Graphic file (type pdf)
<use ../example/opt-gbnoauthor-true.pdf>
File: ../example/opt-gbnoauthor-true.pdf Graphic file (type pdf)
<use ../example/opt-gbnoauthor-true.pdf>
File: ../example/opt-gbnoauthor-true.pdf Graphic file (type pdf)
<use ../example/opt-gbnoauthor-true.pdf, page 1>
File: ../example/opt-gbnoauthor-true.pdf Graphic file (type pdf)
<use ../example/opt-gbnoauthor-true.pdf, page 1>
File: ../example/opt-gbnoauthor-true.pdf Graphic file (type pdf)
<use ../example/opt-gbnoauthor-true.pdf, page 1>
File: ../example/opt-gbnoauthor-true.pdf Graphic file (type pdf)
<use ../example/opt-gbnoauthor-true.pdf, page 1>
File: ../example/opt-gbnoauthor-true.pdf Graphic file (type pdf)
<use ../example/opt-gbnoauthor-true.pdf, page 1>
 [28]
File: ../example/opt-gblocal.pdf Graphic file (type pdf)
<use ../example/opt-gblocal.pdf>
File: ../example/opt-gblocal.pdf Graphic file (type pdf)
<use ../example/opt-gblocal.pdf>
File: ../example/opt-gblocal.pdf Graphic file (type pdf)
<use ../example/opt-gblocal.pdf, page 1>
File: ../example/opt-gblocal.pdf Graphic file (type pdf)
<use ../example/opt-gblocal.pdf, page 1>
File: ../example/opt-gblocal.pdf Graphic file (type pdf)
<use ../example/opt-gblocal.pdf, page 1>
File: ../example/opt-gblocal.pdf Graphic file (type pdf)
<use ../example/opt-gblocal.pdf, page 1>
File: ../example/opt-gblocal.pdf Graphic file (type pdf)
<use ../example/opt-gblocal.pdf, page 1>
 [29]
Package atveryend Info: Empty hook `BeforeClearDocument' on input line 129.
Package atveryend Info: Empty hook `AfterLastShipout' on input line 129.

(./gbT7714-2015eg.aux)
Package atveryend Info: Empty hook `AtVeryEndDocument' on input line 129.
Package atveryend Info: Executing hook `AtEndAfterFileList' on input line 129.


Package rerunfilecheck Warning: File `gbT7714-2015eg.out' has changed.
(rerunfilecheck)                Rerun to get outlines right
(rerunfilecheck)                or use package `bookmark'.

Package rerunfilecheck Info: Checksums for `gbT7714-2015eg.out':
(rerunfilecheck)             Before: <no file>
(rerunfilecheck)             After:  1D55F1956E78C93890C526CDC50C44FB;959.

LaTeX Warning: Label(s) may have changed. Rerun to get cross-references right.

Package atveryend Info: Empty hook `AtVeryVeryEnd' on input line 129.
 ) 
Here is how much of TeX's memory you used:
 9938 strings out of 479418
 146773 string characters out of 5888105
 398420 words of memory out of 5000000
 27327 multiletter control sequences out of 15000+600000
 532706 words of font info for 26 fonts, out of 8000000 for 9000
 1348 hyphenation exceptions out of 8191
 41i,18n,51p,937b,476s stack positions out of 5000i,500n,10000p,200000b,80000s

Output written on gbT7714-2015eg.pdf (29 pages).
