\BOOKMARK [1][-]{section.1}{cls-beamer}{}% 1
\BOOKMARK [1][-]{section.2}{cls-beameray}{}% 2
\BOOKMARK [1][-]{section.3}{codeopt-gbcodegbk}{}% 3
\BOOKMARK [1][-]{section.4}{eg-opt-gbstyle}{}% 4
\BOOKMARK [1][-]{section.5}{opt-gbalign-center}{}% 5
\BOOKMARK [1][-]{section.6}{opt-gbalign-gb}{}% 6
\BOOKMARK [1][-]{section.7}{opt-gbalign-left}{}% 7
\BOOKMARK [1][-]{section.8}{opt-gbbiblabel}{}% 8
\BOOKMARK [1][-]{section.9}{opt-gbfieldstd}{}% 9
\BOOKMARK [1][-]{section.10}{opt-gbnamefmt}{}% 10
\BOOKMARK [1][-]{section.11}{opt-gbnamefmt-default}{}% 11
\BOOKMARK [1][-]{section.12}{opt-gbpub-true}{}% 12
\BOOKMARK [1][-]{section.13}{opt-gbpunctin}{}% 13
\BOOKMARK [1][-]{section.14}{opt-gbtitlelink}{}% 14
\BOOKMARK [1][-]{section.15}{opt-gbfootbib}{}% 15
\BOOKMARK [1][-]{section.16}{opt-gbtype}{}% 16
\BOOKMARK [1][-]{section.17}{opt-gbctexset}{}% 17
\BOOKMARK [1][-]{section.18}{opt-gbnoauthor-false}{}% 18
\BOOKMARK [1][-]{section.19}{opt-gbnoauthor-true}{}% 19
\BOOKMARK [1][-]{section.20}{opt-gblocal}{}% 20
